<?xml version="1.0" encoding="UTF-8"?>
<!-- Generated by org.testng.reporters.JUnitXMLReporter -->
<testsuite ignored="0" hostname="DESKTOP-FR930K3" failures="0" tests="3" name="Test" time="30.099" errors="0" timestamp="2024-12-07T13:40:15 ICT">
  <testcase classname="testcases.TC001_AccountRegistrationTest" name="verify_account_registration" time="2.653"/>
  <testcase classname="testcases.TC002_LoginTest" name="validate_login" time="1.386"/>
  <testcase classname="testcases.TC004_SearchTest" name="searchTest" time="0.666"/>
</testsuite> <!-- Test -->
