<?xml version="1.0" encoding="UTF-8"?>
<testsuite xmlns:xsi="http://www.w3.org/2001/XMLSchema-instance" xsi:noNamespaceSchemaLocation="https://maven.apache.org/surefire/maven-surefire-plugin/xsd/surefire-test-report.xsd" version="3.0.2" name="TestSuite" time="76.948" tests="1" errors="0" skipped="0" failures="0">
  <properties>
[...]
</properties>
  <testcase name="executeEndtoEnd" classname="testcases.TC006_EndToEndTest" time="32.787">
    <system-out><![CDATA[2024-12-15T03:45:27.537816200Z main INFO Starting configuration XmlConfiguration[location=C:\Users\DELL\Desktop\JAVA\OpenCartV121\target\test-classes\log4j2.xml, lastModified=2024-12-15T02:17:44.579Z]...
2024-12-15T03:45:27.545341200Z main INFO Start watching for changes to C:\Users\DELL\Desktop\JAVA\OpenCartV121\target\test-classes\log4j2.xml every 0 seconds
2024-12-15T03:45:27.546341Z main INFO Configuration XmlConfiguration[location=C:\Users\DELL\Desktop\JAVA\OpenCartV121\target\test-classes\log4j2.xml, lastModified=2024-12-15T02:17:44.579Z] started.
2024-12-15T03:45:27.549341800Z main INFO Stopping configuration org.apache.logging.log4j.core.config.DefaultConfiguration@3c130745...
2024-12-15T03:45:27.550253300Z main INFO Configuration org.apache.logging.log4j.core.config.DefaultConfiguration@3c130745 stopped.
10:45:27.736 [main] DEBUG org.testng.TestNG - suiteXmlPath: "C:\Users\DELL\Desktop\JAVA\OpenCartV121\Master.xml"
10:46:04.937 [main] INFO  testcases.TC006_EndToEndTest - Navigation in the URL application
10:46:04.990 [main] INFO  testcases.TC006_EndToEndTest - Navigation in the Home Page
10:46:04.990 [main] INFO  testcases.TC006_EndToEndTest - Click on My Account link
10:46:05.155 [main] INFO  testcases.TC006_EndToEndTest - CLick on Register Link
10:46:05.606 [main] INFO  testcases.TC006_EndToEndTest - Navitation in the Register Page 
10:46:05.606 [main] INFO  testcases.TC006_EndToEndTest - Provide account information
10:46:06.103 [main] INFO  testcases.TC006_EndToEndTest - Click on Policy checkbox
10:46:06.181 [main] INFO  testcases.TC006_EndToEndTest - Click on Continue button
10:46:09.342 [main] INFO  testcases.TC006_EndToEndTest - Validate confirm registration Your Account Has Been Created!
10:46:09.345 [main] INFO  testcases.TC006_EndToEndTest - Page current is My Account Page
10:46:09.672 [main] INFO  testcases.TC006_EndToEndTest - Click on 'Continue' button to return Home Page
10:46:09.984 [main] INFO  testcases.TC006_EndToEndTest - Validate home page exists
10:46:10.004 [main] INFO  testcases.TC006_EndToEndTest - Logout successful. Navigate to Home Page
10:46:13.013 [main] INFO  testcases.TC006_EndToEndTest - Login into account with ytkpu@gmail.com
10:46:13.014 [main] INFO  testcases.TC006_EndToEndTest - Click on 'My Account' Link
10:46:13.072 [main] INFO  testcases.TC006_EndToEndTest - Navigate to Login Page
10:46:13.073 [main] INFO  testcases.TC006_EndToEndTest - Click on 'Login' Link
10:46:13.309 [main] INFO  testcases.TC006_EndToEndTest - Provide account information
10:46:13.434 [main] INFO  testcases.TC006_EndToEndTest - Click on 'Continue' button
10:46:13.451 [main] INFO  testcases.TC006_EndToEndTest - Validate login visible
10:46:13.457 [main] INFO  testcases.TC006_EndToEndTest - Login Verification Fail.
10:46:13.457 [main] INFO  testcases.TC006_EndToEndTest - Starting search product and Add to cart
10:46:13.458 [main] INFO  testcases.TC006_EndToEndTest - Enter product name into search Text box withMacBook
10:46:13.517 [main] INFO  testcases.TC006_EndToEndTest - Click on 'Search' button
10:46:13.885 [main] INFO  testcases.TC006_EndToEndTest - Navigat to Search Result Page
10:46:13.918 [main] INFO  testcases.TC006_EndToEndTest - Search Result Page don't exists
10:46:13.918 [main] INFO  testcases.TC006_EndToEndTest - Validate Product visible in the Search Result Page
10:46:14.688 [main] INFO  testcases.TC006_EndToEndTest - Navigate to Product Page
10:46:14.689 [main] INFO  testcases.TC006_EndToEndTest - Provide Product quantity and add product into shopping cart
10:46:14.843 [main] INFO  testcases.TC006_EndToEndTest - Click on 'Add To Cart' button
10:46:18.137 [main] INFO  testcases.TC006_EndToEndTest - Product add to cart true
10:46:18.204 [main] INFO  testcases.TC006_EndToEndTest - Starting Verify Shopping cart contents
10:46:18.204 [main] INFO  testcases.TC006_EndToEndTest - Verify items in shopping cart
10:46:18.205 [main] INFO  testcases.TC006_EndToEndTest - Click on shopping cart from confirm message is displayed
10:46:18.290 [main] INFO  testcases.TC006_EndToEndTest - Click on 'View Cart' link and navigate to Shopping Cart Page
10:46:21.621 [main] INFO  testcases.TC006_EndToEndTest - Total price in shopping cart is: $1,204.00
10:46:21.622 [main] INFO  testcases.TC006_EndToEndTest - Starting perform checkout prcess
10:46:21.622 [main] INFO  testcases.TC006_EndToEndTest - Click on 'Checkout' button and navigate to Checkout Page
10:46:22.567 [main] INFO  testcases.TC006_EndToEndTest - Click on Countinue
10:46:22.626 [main] INFO  testcases.TC006_EndToEndTest - Provide payment information
10:46:35.421 [main] INFO  testcases.TC006_EndToEndTest - Click on Countinue in step Payment Detail
10:46:37.502 [main] INFO  testcases.TC006_EndToEndTest - Click on checkbox Condition& policy in Payment Method
10:46:37.563 [main] INFO  testcases.TC006_EndToEndTest - Click on Countinue in Payment Method
]]></system-out>
  </testcase>
</testsuite>