<?xml version="1.0" encoding="UTF-8"?>
<testng-results ignored="0" total="1" passed="1" failed="0" skipped="0">
  <reporter-output>
  </reporter-output>
  <suite started-at="2024-12-15T10:39:10 ICT" name="Suite" finished-at="2024-12-15T10:39:50 ICT" duration-ms="40347">
    <groups>
      <group name="Master">
        <method signature="TC006_EndToEndTest.executeEndtoEnd()[pri:0, instance:testcases.TC006_EndToEndTest@12bfd80d]" name="executeEndtoEnd" class="testcases.TC006_EndToEndTest"/>
      </group> <!-- Master -->
    </groups>
    <test started-at="2024-12-15T10:39:10 ICT" name="Test" finished-at="2024-12-15T10:39:50 ICT" duration-ms="40347">
      <class name="testcases.TC006_EndToEndTest">
        <test-method is-config="true" signature="setUp(java.lang.String,java.lang.String)[pri:0, instance:testcases.TC006_EndToEndTest@12bfd80d]" started-at="2024-12-15T10:39:10 ICT" name="setUp" finished-at="2024-12-15T10:39:17 ICT" duration-ms="6466" status="PASS">
          <params>
            <param index="0">
              <value>
                <![CDATA[Windows]]>
              </value>
            </param>
            <param index="1">
              <value>
                <![CDATA[chrome]]>
              </value>
            </param>
          </params>
          <reporter-output>
          </reporter-output>
        </test-method> <!-- setUp -->
        <test-method signature="executeEndtoEnd()[pri:0, instance:testcases.TC006_EndToEndTest@12bfd80d]" started-at="2024-12-15T10:39:17 ICT" name="executeEndtoEnd" finished-at="2024-12-15T10:39:50 ICT" duration-ms="33227" status="PASS">
          <reporter-output>
          </reporter-output>
        </test-method> <!-- executeEndtoEnd -->
        <test-method is-config="true" signature="tearDown()[pri:0, instance:testcases.TC006_EndToEndTest@12bfd80d]" started-at="2024-12-15T10:39:50 ICT" name="tearDown" finished-at="2024-12-15T10:39:50 ICT" duration-ms="347" status="PASS">
          <reporter-output>
          </reporter-output>
        </test-method> <!-- tearDown -->
      </class> <!-- testcases.TC006_EndToEndTest -->
    </test> <!-- Test -->
  </suite> <!-- Suite -->
</testng-results>
