<?xml version="1.0" encoding="UTF-8"?>
<testng-results ignored="0" total="3" passed="3" failed="0" skipped="0">
  <reporter-output>
  </reporter-output>
  <suite started-at="2024-12-07T13:39:39 ICT" name="Suite" finished-at="2024-12-07T13:40:09 ICT" duration-ms="30099">
    <groups>
      <group name="Master">
        <method signature="TC001_AccountRegistrationTest.verify_account_registration()[pri:0, instance:testcases.TC001_AccountRegistrationTest@efde75f]" name="verify_account_registration" class="testcases.TC001_AccountRegistrationTest"/>
        <method signature="TC002_LoginTest.validate_login()[pri:0, instance:testcases.TC002_LoginTest@160ac7fb]" name="validate_login" class="testcases.TC002_LoginTest"/>
        <method signature="TC004_SearchTest.searchTest()[pri:0, instance:testcases.TC004_SearchTest@12bfd80d]" name="searchTest" class="testcases.TC004_SearchTest"/>
      </group> <!-- Master -->
      <group name="Sanity">
        <method signature="TC002_LoginTest.validate_login()[pri:0, instance:testcases.TC002_LoginTest@160ac7fb]" name="validate_login" class="testcases.TC002_LoginTest"/>
      </group> <!-- Sanity -->
      <group name="Regression">
        <method signature="TC001_AccountRegistrationTest.verify_account_registration()[pri:0, instance:testcases.TC001_AccountRegistrationTest@efde75f]" name="verify_account_registration" class="testcases.TC001_AccountRegistrationTest"/>
      </group> <!-- Regression -->
      <group name="Regrestion">
        <method signature="TC004_SearchTest.searchTest()[pri:0, instance:testcases.TC004_SearchTest@12bfd80d]" name="searchTest" class="testcases.TC004_SearchTest"/>
      </group> <!-- Regrestion -->
    </groups>
    <test started-at="2024-12-07T13:39:39 ICT" name="Test" finished-at="2024-12-07T13:40:09 ICT" duration-ms="30099">
      <class name="testcases.TC001_AccountRegistrationTest">
        <test-method is-config="true" signature="setUp(java.lang.String,java.lang.String)[pri:0, instance:testcases.TC001_AccountRegistrationTest@efde75f]" started-at="2024-12-07T13:39:39 ICT" name="setUp" finished-at="2024-12-07T13:39:52 ICT" duration-ms="12567" status="PASS">
          <params>
            <param index="0">
              <value>
                <![CDATA[Windows]]>
              </value>
            </param>
            <param index="1">
              <value>
                <![CDATA[chrome]]>
              </value>
            </param>
          </params>
          <reporter-output>
          </reporter-output>
        </test-method> <!-- setUp -->
        <test-method signature="verify_account_registration()[pri:0, instance:testcases.TC001_AccountRegistrationTest@efde75f]" started-at="2024-12-07T13:39:52 ICT" name="verify_account_registration" finished-at="2024-12-07T13:39:54 ICT" duration-ms="2653" status="PASS">
          <reporter-output>
          </reporter-output>
        </test-method> <!-- verify_account_registration -->
        <test-method is-config="true" signature="tearDown()[pri:0, instance:testcases.TC001_AccountRegistrationTest@efde75f]" started-at="2024-12-07T13:39:54 ICT" name="tearDown" finished-at="2024-12-07T13:39:55 ICT" duration-ms="330" status="PASS">
          <reporter-output>
          </reporter-output>
        </test-method> <!-- tearDown -->
      </class> <!-- testcases.TC001_AccountRegistrationTest -->
      <class name="testcases.TC002_LoginTest">
        <test-method is-config="true" signature="setUp(java.lang.String,java.lang.String)[pri:0, instance:testcases.TC002_LoginTest@160ac7fb]" started-at="2024-12-07T13:39:55 ICT" name="setUp" finished-at="2024-12-07T13:40:00 ICT" duration-ms="5420" status="PASS">
          <params>
            <param index="0">
              <value>
                <![CDATA[Windows]]>
              </value>
            </param>
            <param index="1">
              <value>
                <![CDATA[chrome]]>
              </value>
            </param>
          </params>
          <reporter-output>
          </reporter-output>
        </test-method> <!-- setUp -->
        <test-method signature="validate_login()[pri:0, instance:testcases.TC002_LoginTest@160ac7fb]" started-at="2024-12-07T13:40:00 ICT" name="validate_login" finished-at="2024-12-07T13:40:02 ICT" duration-ms="1386" status="PASS">
          <reporter-output>
          </reporter-output>
        </test-method> <!-- validate_login -->
        <test-method is-config="true" signature="tearDown()[pri:0, instance:testcases.TC002_LoginTest@160ac7fb]" started-at="2024-12-07T13:40:02 ICT" name="tearDown" finished-at="2024-12-07T13:40:02 ICT" duration-ms="391" status="PASS">
          <reporter-output>
          </reporter-output>
        </test-method> <!-- tearDown -->
      </class> <!-- testcases.TC002_LoginTest -->
      <class name="testcases.TC004_SearchTest">
        <test-method is-config="true" signature="setUp(java.lang.String,java.lang.String)[pri:0, instance:testcases.TC004_SearchTest@12bfd80d]" started-at="2024-12-07T13:40:02 ICT" name="setUp" finished-at="2024-12-07T13:40:08 ICT" duration-ms="6074" status="PASS">
          <params>
            <param index="0">
              <value>
                <![CDATA[Windows]]>
              </value>
            </param>
            <param index="1">
              <value>
                <![CDATA[chrome]]>
              </value>
            </param>
          </params>
          <reporter-output>
          </reporter-output>
        </test-method> <!-- setUp -->
        <test-method signature="searchTest()[pri:0, instance:testcases.TC004_SearchTest@12bfd80d]" started-at="2024-12-07T13:40:08 ICT" name="searchTest" finished-at="2024-12-07T13:40:09 ICT" duration-ms="666" status="PASS">
          <reporter-output>
          </reporter-output>
        </test-method> <!-- searchTest -->
        <test-method is-config="true" signature="tearDown()[pri:0, instance:testcases.TC004_SearchTest@12bfd80d]" started-at="2024-12-07T13:40:09 ICT" name="tearDown" finished-at="2024-12-07T13:40:09 ICT" duration-ms="215" status="PASS">
          <reporter-output>
          </reporter-output>
        </test-method> <!-- tearDown -->
      </class> <!-- testcases.TC004_SearchTest -->
    </test> <!-- Test -->
  </suite> <!-- Suite -->
</testng-results>
